<?xml version="1.0" encoding="UTF-8"?>
<!-- Generated by org.testng.reporters.JUnitReportReporter -->
<testsuite skipped="0" hostname="DESKTOP-33A93L7" name="com.syntax.utils.BaseClass" tests="1" failures="0" timestamp="08 Jun 2019 18:23:34 GMT" time="6.142" errors="0">
  <testcase name="setUp" time="6.142" classname="com.syntax.utils.BaseClass"/>
</testsuite> <!-- com.syntax.utils.BaseClass -->
