<?xml version="1.0" encoding="UTF-8"?>
<!-- Generated by org.testng.reporters.JUnitReportReporter -->
<testsuite skipped="0" hostname="DESKTOP-33A93L7" name="com.syntax.testcases.LoginPageTest" tests="2" failures="0" timestamp="15 Jun 2019 19:06:43 GMT" time="15.410" errors="0">
  <testcase name="loginToOrangeHRM" time="6.926" classname="com.syntax.testcases.LoginPageTest"/>
  <testcase name="doLogin" time="8.484" classname="com.syntax.testcases.LoginPageTest"/>
</testsuite> <!-- com.syntax.testcases.LoginPageTest -->
