<?xml version="1.0" encoding="UTF-8"?>
<!-- Generated by org.testng.reporters.JUnitReportReporter -->
<testsuite skipped="0" hostname="DESKTOP-33A93L7" name="com.syntax.practice.ExcelWriteDemo" tests="1" failures="0" timestamp="15 Jun 2019 17:22:10 GMT" time="0.656" errors="0">
  <testcase name="readLocations" time="0.656" classname="com.syntax.practice.ExcelWriteDemo"/>
</testsuite> <!-- com.syntax.practice.ExcelWriteDemo -->
