<?xml version="1.0" encoding="UTF-8"?>
<!-- Generated by org.testng.reporters.JUnitReportReporter -->
<testsuite skipped="0" hostname="DESKTOP-33A93L7" name="com.syntax.practice.ExcelFuntionsTest" tests="1" failures="0" timestamp="15 Jun 2019 17:34:57 GMT" time="0.361" errors="0">
  <testcase name="ExcelTest" time="0.361" classname="com.syntax.practice.ExcelFuntionsTest"/>
</testsuite> <!-- com.syntax.practice.ExcelFuntionsTest -->
