<?xml version="1.0" encoding="UTF-8"?>
<!-- Generated by org.testng.reporters.JUnitReportReporter -->
<testsuite skipped="0" hostname="DESKTOP-33A93L7" name="com.syntax.testcases.ExcelLocations" tests="1" failures="0" timestamp="14 Jun 2019 07:27:09 GMT" time="0.798" errors="0">
  <testcase name="readLocations" time="0.798" classname="com.syntax.testcases.ExcelLocations"/>
</testsuite> <!-- com.syntax.testcases.ExcelLocations -->
