<?xml version="1.0" encoding="UTF-8"?>
<!-- Generated by org.testng.reporters.JUnitReportReporter -->
<testsuite skipped="0" hostname="DESKTOP-33A93L7" name="com.syntax.testcases.LocationPageTest" tests="5" failures="0" timestamp="15 Jun 2019 13:54:56 GMT" time="107.139" errors="0">
  <testcase name="addLocation" time="20.110" classname="com.syntax.testcases.LocationPageTest"/>
  <testcase name="addLocation" time="20.461" classname="com.syntax.testcases.LocationPageTest"/>
  <testcase name="addLocation" time="19.939" classname="com.syntax.testcases.LocationPageTest"/>
  <testcase name="addLocation" time="22.873" classname="com.syntax.testcases.LocationPageTest"/>
  <testcase name="addLocation" time="23.756" classname="com.syntax.testcases.LocationPageTest"/>
</testsuite> <!-- com.syntax.testcases.LocationPageTest -->
